http://free-css-menu.com/css-pulldown-menus.html
http://freewebbuttons.net/collapsible-tree-menu-javascript.html
http://freewebbuttons.net/draggable-javascript-menu.html
http://freewebbuttons.net/flyout-js-menu.html
http://freewebbuttons.net/javascript-menu-hover-popup.html
http://pauzamea.ro
http://payap.info/weblog
http://vcfm.ru/radio/oblast.php?oblast=8
http://vistamenus.com/expanding-menu-with-java-script-in-php.html
http://vistamenus.com/ie-css-popup-menu.html
http://vistamenus.com/insert-a-template-drop-down-menu-code.html
http://vistamenus.com/popup-menu-images-code.html
http://webhosters.no/script
http://www.geeklog.jp/
http://www.geeklog.jp/article.php/20060630232018482
http://www.geeklog.jp/article.php/20060717014003574
http://www.geeklog.jp/article.php/20090410092931739
http://www.geeklog.jp/article.php/bb2_japanese
http://www.geeklog.jp/article.php/newsletter20110713
http://www.geeklog.jp/downloads/index.php?cid=18
http://www.geeklog.jp/staticpages/index.php/add-ons
http://www.hargelsberg.at
http://xpwebbuttons.com/dinamic-menu.html
https://duckduckgo.com/
